0 info it worked if it ends with ok
1 verbose cli [ '/usr/local/Cellar/node/5.6.0/bin/node',
1 verbose cli   '/usr/local/bin/npm',
1 verbose cli   'install' ]
2 info using npm@3.6.0
3 info using node@v5.6.0
4 silly loadCurrentTree Starting
5 silly install loadCurrentTree
6 silly install readLocalPackageData
7 silly install normalizeTree
8 silly loadCurrentTree Finishing
9 silly loadIdealTree Starting
10 silly install loadIdealTree
11 silly cloneCurrentTree Starting
12 silly install cloneCurrentTreeToIdealTree
13 silly cloneCurrentTree Finishing
14 silly loadShrinkwrap Starting
15 silly install loadShrinkwrap
16 silly loadShrinkwrap Finishing
17 silly loadAllDepsIntoIdealTree Starting
18 silly install loadAllDepsIntoIdealTree
19 silly fetchNamedPackageData express
20 silly mapToRegistry name express
21 silly mapToRegistry using default registry
22 silly mapToRegistry registry https://registry.npmjs.org/
23 silly mapToRegistry uri https://registry.npmjs.org/express
24 silly fetchNamedPackageData restler
25 silly mapToRegistry name restler
26 silly mapToRegistry using default registry
27 silly mapToRegistry registry https://registry.npmjs.org/
28 silly mapToRegistry uri https://registry.npmjs.org/restler
29 silly fetchOtherPackageData node-spotify@/Users/danielyedidovich/Downloads/node-spotify-0.7.0-OSX
30 silly cache add args [ 'node-spotify@/Users/danielyedidovich/Downloads/node-spotify-0.7.0-OSX',
30 silly cache add   null ]
31 verbose cache add spec node-spotify@/Users/danielyedidovich/Downloads/node-spotify-0.7.0-OSX
32 silly cache add parsed spec Result {
32 silly cache add   raw: 'node-spotify@/Users/danielyedidovich/Downloads/node-spotify-0.7.0-OSX',
32 silly cache add   scope: null,
32 silly cache add   name: 'node-spotify',
32 silly cache add   rawSpec: '/Users/danielyedidovich/Downloads/node-spotify-0.7.0-OSX',
32 silly cache add   spec: '/Users/danielyedidovich/Downloads/node-spotify-0.7.0-OSX',
32 silly cache add   type: 'local' }
33 verbose request uri https://registry.npmjs.org/restler
34 verbose request no auth needed
35 info attempt registry request try #1 at 12:23:09 PM
36 verbose request id eab3166a9e35518d
37 verbose etag "F2V8E505N8H1YSTY0WQ3EUPZG"
38 http request GET https://registry.npmjs.org/restler
39 verbose request uri https://registry.npmjs.org/express
40 verbose request no auth needed
41 info attempt registry request try #1 at 12:23:09 PM
42 verbose etag "APIUUBYS9VW6X1J6HADLV564L"
43 http request GET https://registry.npmjs.org/express
44 error addLocal Could not install /Users/danielyedidovich/Downloads/node-spotify-0.7.0-OSX
45 silly fetchPackageMetaData Error: EISDIR: illegal operation on a directory, read
45 silly fetchPackageMetaData     at Error (native)
45 silly fetchPackageMetaData  error for node-spotify@/Users/danielyedidovich/Downloads/node-spotify-0.7.0-OSX { [Error: EISDIR: illegal operation on a directory, read] errno: -21, code: 'EISDIR', syscall: 'read' }
46 http 304 https://registry.npmjs.org/restler
47 verbose headers { date: 'Sun, 21 Feb 2016 19:23:09 GMT',
47 verbose headers   via: '1.1 varnish',
47 verbose headers   'cache-control': 'max-age=300',
47 verbose headers   etag: '"F2V8E505N8H1YSTY0WQ3EUPZG"',
47 verbose headers   age: '16',
47 verbose headers   connection: 'keep-alive',
47 verbose headers   'x-served-by': 'cache-ord1733-ORD',
47 verbose headers   'x-cache': 'HIT',
47 verbose headers   'x-cache-hits': '1',
47 verbose headers   'x-timer': 'S1456082589.865691,VS0,VE0',
47 verbose headers   vary: 'Accept' }
48 silly get cb [ 304,
48 silly get   { date: 'Sun, 21 Feb 2016 19:23:09 GMT',
48 silly get     via: '1.1 varnish',
48 silly get     'cache-control': 'max-age=300',
48 silly get     etag: '"F2V8E505N8H1YSTY0WQ3EUPZG"',
48 silly get     age: '16',
48 silly get     connection: 'keep-alive',
48 silly get     'x-served-by': 'cache-ord1733-ORD',
48 silly get     'x-cache': 'HIT',
48 silly get     'x-cache-hits': '1',
48 silly get     'x-timer': 'S1456082589.865691,VS0,VE0',
48 silly get     vary: 'Accept' } ]
49 verbose etag https://registry.npmjs.org/restler from cache
50 verbose get saving restler to /Users/danielyedidovich/.npm/registry.npmjs.org/restler/.cache.json
51 verbose correctMkdir /Users/danielyedidovich/.npm correctMkdir not in flight; initializing
52 http 304 https://registry.npmjs.org/express
53 verbose headers { date: 'Sun, 21 Feb 2016 19:23:09 GMT',
53 verbose headers   via: '1.1 varnish',
53 verbose headers   'cache-control': 'max-age=300',
53 verbose headers   etag: '"APIUUBYS9VW6X1J6HADLV564L"',
53 verbose headers   age: '53',
53 verbose headers   connection: 'keep-alive',
53 verbose headers   'x-served-by': 'cache-ord1722-ORD',
53 verbose headers   'x-cache': 'HIT',
53 verbose headers   'x-cache-hits': '1002',
53 verbose headers   'x-timer': 'S1456082589.867293,VS0,VE0',
53 verbose headers   vary: 'Accept' }
54 silly get cb [ 304,
54 silly get   { date: 'Sun, 21 Feb 2016 19:23:09 GMT',
54 silly get     via: '1.1 varnish',
54 silly get     'cache-control': 'max-age=300',
54 silly get     etag: '"APIUUBYS9VW6X1J6HADLV564L"',
54 silly get     age: '53',
54 silly get     connection: 'keep-alive',
54 silly get     'x-served-by': 'cache-ord1722-ORD',
54 silly get     'x-cache': 'HIT',
54 silly get     'x-cache-hits': '1002',
54 silly get     'x-timer': 'S1456082589.867293,VS0,VE0',
54 silly get     vary: 'Accept' } ]
55 verbose etag https://registry.npmjs.org/express from cache
56 verbose get saving express to /Users/danielyedidovich/.npm/registry.npmjs.org/express/.cache.json
57 verbose correctMkdir /Users/danielyedidovich/.npm correctMkdir already in flight; waiting
58 silly resolveWithNewModule restler@3.4.0 checking installable status
59 silly cache add args [ 'restler@^3.4.0', null ]
60 verbose cache add spec restler@^3.4.0
61 silly cache add parsed spec Result {
61 silly cache add   raw: 'restler@^3.4.0',
61 silly cache add   scope: null,
61 silly cache add   name: 'restler',
61 silly cache add   rawSpec: '^3.4.0',
61 silly cache add   spec: '>=3.4.0 <4.0.0',
61 silly cache add   type: 'range' }
62 silly addNamed restler@>=3.4.0 <4.0.0
63 verbose addNamed ">=3.4.0 <4.0.0" is a valid semver range for restler
64 silly addNameRange { name: 'restler', range: '>=3.4.0 <4.0.0', hasData: false }
65 silly mapToRegistry name restler
66 silly mapToRegistry using default registry
67 silly mapToRegistry registry https://registry.npmjs.org/
68 silly mapToRegistry uri https://registry.npmjs.org/restler
69 verbose addNameRange registry:https://registry.npmjs.org/restler not in flight; fetching
70 silly resolveWithNewModule express@4.13.4 checking installable status
71 silly cache add args [ 'express@^4.13.4', null ]
72 verbose cache add spec express@^4.13.4
73 silly cache add parsed spec Result {
73 silly cache add   raw: 'express@^4.13.4',
73 silly cache add   scope: null,
73 silly cache add   name: 'express',
73 silly cache add   rawSpec: '^4.13.4',
73 silly cache add   spec: '>=4.13.4 <5.0.0',
73 silly cache add   type: 'range' }
74 silly addNamed express@>=4.13.4 <5.0.0
75 verbose addNamed ">=4.13.4 <5.0.0" is a valid semver range for express
76 silly addNameRange { name: 'express', range: '>=4.13.4 <5.0.0', hasData: false }
77 silly mapToRegistry name express
78 silly mapToRegistry using default registry
79 silly mapToRegistry registry https://registry.npmjs.org/
80 silly mapToRegistry uri https://registry.npmjs.org/express
81 verbose addNameRange registry:https://registry.npmjs.org/express not in flight; fetching
82 verbose get https://registry.npmjs.org/restler not expired, no request
83 silly addNameRange number 2 { name: 'restler', range: '>=3.4.0 <4.0.0', hasData: true }
84 silly addNameRange versions [ 'restler',
84 silly addNameRange   [ '0.2.0',
84 silly addNameRange     '0.2.1',
84 silly addNameRange     '0.2.2',
84 silly addNameRange     '0.2.3',
84 silly addNameRange     '0.2.4',
84 silly addNameRange     '0.2.5',
84 silly addNameRange     '2.0.0',
84 silly addNameRange     '2.0.1',
84 silly addNameRange     '3.0.0',
84 silly addNameRange     '3.1.0',
84 silly addNameRange     '3.2.0',
84 silly addNameRange     '3.2.1',
84 silly addNameRange     '3.2.2',
84 silly addNameRange     '3.3.0',
84 silly addNameRange     '3.4.0' ] ]
85 silly addNamed restler@3.4.0
86 verbose addNamed "3.4.0" is a plain semver version for restler
87 verbose get https://registry.npmjs.org/express not expired, no request
88 silly addNameRange number 2 { name: 'express', range: '>=4.13.4 <5.0.0', hasData: true }
89 silly addNameRange versions [ 'express',
89 silly addNameRange   [ '0.14.0',
89 silly addNameRange     '0.14.1',
89 silly addNameRange     '1.0.0',
89 silly addNameRange     '1.0.1',
89 silly addNameRange     '1.0.2',
89 silly addNameRange     '1.0.3',
89 silly addNameRange     '1.0.4',
89 silly addNameRange     '1.0.5',
89 silly addNameRange     '1.0.6',
89 silly addNameRange     '1.0.7',
89 silly addNameRange     '1.0.8',
89 silly addNameRange     '2.0.0',
89 silly addNameRange     '2.1.0',
89 silly addNameRange     '2.1.1',
89 silly addNameRange     '2.2.0',
89 silly addNameRange     '2.2.1',
89 silly addNameRange     '2.2.2',
89 silly addNameRange     '2.3.0',
89 silly addNameRange     '2.3.1',
89 silly addNameRange     '2.3.2',
89 silly addNameRange     '2.3.3',
89 silly addNameRange     '2.3.4',
89 silly addNameRange     '2.3.5',
89 silly addNameRange     '2.3.6',
89 silly addNameRange     '2.3.7',
89 silly addNameRange     '2.3.8',
89 silly addNameRange     '2.3.9',
89 silly addNameRange     '2.3.10',
89 silly addNameRange     '2.3.11',
89 silly addNameRange     '2.3.12',
89 silly addNameRange     '2.4.0',
89 silly addNameRange     '2.4.1',
89 silly addNameRange     '2.4.2',
89 silly addNameRange     '2.4.3',
89 silly addNameRange     '2.4.4',
89 silly addNameRange     '2.4.5',
89 silly addNameRange     '2.4.6',
89 silly addNameRange     '2.4.7',
89 silly addNameRange     '2.5.0',
89 silly addNameRange     '2.5.1',
89 silly addNameRange     '2.5.2',
89 silly addNameRange     '2.5.3',
89 silly addNameRange     '2.5.4',
89 silly addNameRange     '2.5.5',
89 silly addNameRange     '2.5.6',
89 silly addNameRange     '2.5.7',
89 silly addNameRange     '2.5.8',
89 silly addNameRange     '2.5.9',
89 silly addNameRange     '2.5.10',
89 silly addNameRange     '2.5.11',
89 silly addNameRange     '3.0.0',
89 silly addNameRange     '3.0.1',
89 silly addNameRange     '3.0.2',
89 silly addNameRange     '3.0.3',
89 silly addNameRange     '3.0.4',
89 silly addNameRange     '3.0.5',
89 silly addNameRange     '3.0.6',
89 silly addNameRange     '3.1.0',
89 silly addNameRange     '3.1.1',
89 silly addNameRange     '3.1.2',
89 silly addNameRange     '3.2.0',
89 silly addNameRange     '3.2.1',
89 silly addNameRange     '3.2.2',
89 silly addNameRange     '3.2.3',
89 silly addNameRange     '3.2.4',
89 silly addNameRange     '3.2.5',
89 silly addNameRange     '3.2.6',
89 silly addNameRange     '3.3.0',
89 silly addNameRange     '3.3.1',
89 silly addNameRange     '3.3.2',
89 silly addNameRange     '3.3.3',
89 silly addNameRange     '3.3.4',
89 silly addNameRange     '3.3.5',
89 silly addNameRange     '3.3.6',
89 silly addNameRange     '1.0.0-beta',
89 silly addNameRange     '1.0.0-beta2',
89 silly addNameRange     '1.0.0-rc',
89 silly addNameRange     '1.0.0-rc2',
89 silly addNameRange     '1.0.0-rc3',
89 silly addNameRange     '1.0.0-rc4',
89 silly addNameRange     '2.0.0-beta',
89 silly addNameRange     '2.0.0-beta2',
89 silly addNameRange     '2.0.0-beta3',
89 silly addNameRange     '2.0.0-rc',
89 silly addNameRange     '2.0.0-rc2',
89 silly addNameRange     '2.0.0-rc3',
89 silly addNameRange     '3.0.0-alpha1',
89 silly addNameRange     '3.0.0-alpha2',
89 silly addNameRange     '3.0.0-alpha3',
89 silly addNameRange     '3.0.0-alpha4',
89 silly addNameRange     '3.0.0-alpha5',
89 silly addNameRange     '3.0.0-beta1',
89 silly addNameRange     '3.0.0-beta2',
89 silly addNameRange     '3.0.0-beta3',
89 silly addNameRange     '3.0.0-beta4',
89 silly addNameRange     '3.0.0-beta6',
89 silly addNameRange     '3.0.0-beta7',
89 silly addNameRange     '3.0.0-rc1',
89 silly addNameRange     '3.0.0-rc2',
89 silly addNameRange     '3.0.0-rc3',
89 silly addNameRange     '3.0.0-rc4',
89 silly addNameRange     '3.0.0-rc5',
89 silly addNameRange     '3.3.7',
89 silly addNameRange     '3.3.8',
89 silly addNameRange     '3.4.0',
89 silly addNameRange     '3.4.1',
89 silly addNameRange     '3.4.2',
89 silly addNameRange     '3.4.3',
89 silly addNameRange     '3.4.4',
89 silly addNameRange     '3.4.5',
89 silly addNameRange     '3.4.6',
89 silly addNameRange     '3.4.7',
89 silly addNameRange     '3.4.8',
89 silly addNameRange     '4.0.0-rc1',
89 silly addNameRange     '4.0.0-rc2',
89 silly addNameRange     '3.5.0',
89 silly addNameRange     '4.0.0-rc3',
89 silly addNameRange     '4.0.0-rc4',
89 silly addNameRange     '3.5.1',
89 silly addNameRange     '4.0.0',
89 silly addNameRange     '3.5.2',
89 silly addNameRange     '4.1.0',
89 silly addNameRange     '4.1.1',
89 silly addNameRange     '3.5.3',
89 silly addNameRange     '4.1.2',
89 silly addNameRange     '3.6.0',
89 silly addNameRange     '4.2.0',
89 silly addNameRange     '3.7.0',
89 silly addNameRange     '3.8.0',
89 silly addNameRange     '4.3.0',
89 silly addNameRange     '4.3.1',
89 silly addNameRange     '3.8.1',
89 silly addNameRange     '4.3.2',
89 silly addNameRange     '3.9.0',
89 silly addNameRange     '4.4.0',
89 silly addNameRange     '4.4.1',
89 silly addNameRange     '3.10.0',
89 silly addNameRange     '3.10.1',
89 silly addNameRange     '3.10.2',
89 silly addNameRange     '3.10.3',
89 silly addNameRange     '3.10.4',
89 silly addNameRange     '4.4.2',
89 silly addNameRange     '3.10.5',
89 silly addNameRange     '4.4.3',
89 silly addNameRange     '3.11.0',
89 silly addNameRange     '4.4.4',
89 silly addNameRange     '3.12.0',
89 silly addNameRange     '3.12.1',
89 silly addNameRange     '4.4.5',
89 silly addNameRange     '3.13.0',
89 silly addNameRange     '4.5.0',
89 silly addNameRange     '4.5.1',
89 silly addNameRange     '3.14.0',
89 silly addNameRange     '4.6.0',
89 silly addNameRange     '4.6.1',
89 silly addNameRange     '3.15.0',
89 silly addNameRange     '4.7.0',
89 silly addNameRange     '3.15.1',
89 silly addNameRange     '4.7.1',
89 silly addNameRange     '3.15.2',
89 silly addNameRange     '4.7.2',
89 silly addNameRange     '4.7.3',
89 silly addNameRange     '3.15.3',
89 silly addNameRange     '4.7.4',
89 silly addNameRange     '3.16.0',
89 silly addNameRange     '4.8.0',
89 silly addNameRange     '3.16.1',
89 silly addNameRange     '4.8.1',
89 silly addNameRange     '3.16.2',
89 silly addNameRange     '4.8.2',
89 silly addNameRange     '3.16.3',
89 silly addNameRange     '3.16.4',
89 silly addNameRange     '4.8.3',
89 silly addNameRange     '3.16.5',
89 silly addNameRange     '3.16.6',
89 silly addNameRange     '4.8.4',
89 silly addNameRange     '3.16.7',
89 silly addNameRange     '4.8.5',
89 silly addNameRange     '3.16.8',
89 silly addNameRange     '4.8.6',
89 silly addNameRange     '3.16.9',
89 silly addNameRange     '4.8.7',
89 silly addNameRange     '3.16.10',
89 silly addNameRange     '4.8.8',
89 silly addNameRange     '3.17.0',
89 silly addNameRange     '3.17.1',
89 silly addNameRange     '4.9.0',
89 silly addNameRange     '3.17.2',
89 silly addNameRange     '4.9.1',
89 silly addNameRange     '4.9.2',
89 silly addNameRange     '3.17.3',
89 silly addNameRange     '4.9.3',
89 silly addNameRange     '3.17.4',
89 silly addNameRange     '4.9.4',
89 silly addNameRange     '3.17.5',
89 silly addNameRange     '4.9.5',
89 silly addNameRange     '3.17.6',
89 silly addNameRange     '3.17.7',
89 silly addNameRange     '4.9.6',
89 silly addNameRange     '4.9.7',
89 silly addNameRange     '3.17.8',
89 silly addNameRange     '4.9.8',
89 silly addNameRange     '3.18.0',
89 silly addNameRange     '3.18.1',
89 silly addNameRange     '4.10.0',
89 silly addNameRange     '3.18.2',
89 silly addNameRange     '4.10.1',
89 silly addNameRange     '5.0.0-alpha.1',
89 silly addNameRange     '3.18.3',
89 silly addNameRange     '4.10.2',
89 silly addNameRange     '3.18.4',
89 silly addNameRange     '4.10.3',
89 silly addNameRange     '4.10.4',
89 silly addNameRange     '4.10.5',
89 silly addNameRange     '3.18.5',
89 silly addNameRange     '3.18.6',
89 silly addNameRange     '4.10.6',
89 silly addNameRange     '4.10.7',
89 silly addNameRange     '3.19.0',
89 silly addNameRange     '4.10.8',
89 silly addNameRange     '4.11.0',
89 silly addNameRange     '3.19.1',
89 silly addNameRange     '4.11.1',
89 silly addNameRange     '3.19.2',
89 silly addNameRange     '4.11.2',
89 silly addNameRange     '3.20.0',
89 silly addNameRange     '4.12.0',
89 silly addNameRange     '3.20.1',
89 silly addNameRange     '4.12.1',
89 silly addNameRange     '4.12.2',
89 silly addNameRange     '3.20.2',
89 silly addNameRange     '4.12.3',
89 silly addNameRange     '3.20.3',
89 silly addNameRange     '4.12.4',
89 silly addNameRange     '3.21.0',
89 silly addNameRange     '4.13.0',
89 silly addNameRange     '3.21.1',
89 silly addNameRange     '4.13.1',
89 silly addNameRange     '5.0.0-alpha.2',
89 silly addNameRange     '3.21.2',
89 silly addNameRange     '4.13.2',
89 silly addNameRange     '4.13.3',
89 silly addNameRange     '4.13.4' ] ]
90 silly addNamed express@4.13.4
91 verbose addNamed "4.13.4" is a plain semver version for express
92 silly cache afterAdd restler@3.4.0
93 verbose afterAdd /Users/danielyedidovich/.npm/restler/3.4.0/package/package.json not in flight; writing
94 verbose correctMkdir /Users/danielyedidovich/.npm correctMkdir not in flight; initializing
95 silly cache afterAdd express@4.13.4
96 verbose afterAdd /Users/danielyedidovich/.npm/express/4.13.4/package/package.json not in flight; writing
97 verbose correctMkdir /Users/danielyedidovich/.npm correctMkdir not in flight; initializing
98 verbose afterAdd /Users/danielyedidovich/.npm/express/4.13.4/package/package.json written
99 verbose afterAdd /Users/danielyedidovich/.npm/restler/3.4.0/package/package.json written
100 silly rollbackFailedOptional Starting
101 silly rollbackFailedOptional Finishing
102 silly runTopLevelLifecycles Starting
103 silly runTopLevelLifecycles Finishing
104 silly install printInstalled
105 verbose stack Error: EISDIR: illegal operation on a directory, read
105 verbose stack     at Error (native)
106 verbose cwd /Users/danielyedidovich/git/tallytune/Player
107 error Darwin 15.4.0
108 error argv "/usr/local/Cellar/node/5.6.0/bin/node" "/usr/local/bin/npm" "install"
109 error node v5.6.0
110 error npm  v3.6.0
111 error code EISDIR
112 error errno -21
113 error syscall read
114 error eisdir EISDIR: illegal operation on a directory, read
115 error eisdir This is most likely not a problem with npm itself
115 error eisdir and is related to npm not being able to find a package.json in
115 error eisdir a package you are trying to install.
116 verbose exit [ -21, true ]
